<?xml version="1.0" encoding="UTF-8"?>
<!-- Generated by org.testng.reporters.JUnitReportReporter -->
<testsuite hostname="LAPTOP-VIJ7KV3T" failures="0" tests="1" name="seleniumtests.Testng1" time="1.752" errors="0" timestamp="2023-03-02T16:50:14 IST" skipped="0">
  <testcase classname="seleniumtests.Testng1" name="addTocart" time="1.752"/>
  <system-out/>
</testsuite> <!-- seleniumtests.Testng1 -->
