<?xml version="1.0" encoding="UTF-8"?>
<!-- Generated by org.testng.reporters.JUnitReportReporter -->
<testsuite hostname="LAPTOP-VIJ7KV3T" failures="0" tests="3" name="seleniumtests.TestNg2" time="0.006" errors="0" timestamp="2023-03-02T17:00:12 IST" skipped="0">
  <testcase classname="seleniumtests.TestNg2" name="testng2method" time="0.006"/>
  <system-out/>
  <testcase classname="seleniumtests.TestNg2" name="testng2method" time="0.000"/>
  <system-out/>
  <testcase classname="seleniumtests.TestNg2" name="testng2method" time="0.000"/>
  <system-out/>
</testsuite> <!-- seleniumtests.TestNg2 -->
