<?xml version="1.0" encoding="UTF-8"?>
<!-- Generated by org.testng.reporters.JUnitReportReporter -->
<testsuite hostname="LAPTOP-VIJ7KV3T" failures="0" tests="1" name="seleniumtests.NewTest" time="0.012" errors="0" timestamp="2023-03-02T14:27:48 IST" skipped="0">
  <testcase classname="seleniumtests.NewTest" name="f" time="0.012"/>
  <system-out/>
</testsuite> <!-- seleniumtests.NewTest -->
